<?xml version="1.0" encoding="UTF-8"?>
<!-- Generated by org.testng.reporters.JUnitReportReporter -->
<testsuite hostname="DESKTOP-VR7K0GC" failures="0" tests="1" name="Pgm1.Test1" time="0.027" errors="0" timestamp="2024-11-13T16:43:35 IST" skipped="0">
  <testcase classname="Pgm1.Test1" name="Testcase" time="0.027"/>
</testsuite> <!-- Pgm1.Test1 -->
