<?xml version="1.0" encoding="UTF-8"?>
<!-- Generated by org.testng.reporters.JUnitReportReporter -->
<testsuite hostname="DESKTOP-VR7K0GC" failures="0" tests="1" name="Testcase.Testcase" time="3.094" errors="0" timestamp="2024-11-14T22:42:12 IST" skipped="0">
  <testcase classname="Testcase.Testcase" name="TestNew" time="3.094"/>
</testsuite> <!-- Testcase.Testcase -->
